{
  "stats": {
    "suites": 1,
    "tests": 4,
    "passes": 2,
    "pending": 0,
    "failures": 2,
    "start": "2025-07-18T10:42:09.670Z",
    "end": "2025-07-18T10:42:30.713Z",
    "duration": 21043,
    "testsRegistered": 4,
    "passPercent": 50,
    "pendingPercent": 0,
    "other": 0,
    "hasOther": false,
    "skipped": 0,
    "hasSkipped": false
  },
  "results": [
    {
      "uuid": "5ef264ea-efa1-4877-a608-133a7225a209",
      "title": "",
      "fullFile": "cypress\\e2e\\pannier.cy.js",
      "file": "cypress\\e2e\\pannier.cy.js",
      "beforeHooks": [],
      "afterHooks": [],
      "tests": [],
      "suites": [
        {
          "uuid": "be3da4d1-cbc5-4627-b410-d57d34b54ebd",
          "title": "Ajout au panier et vérification du stock",
          "fullFile": "",
          "file": "",
          "beforeHooks": [],
          "afterHooks": [],
          "tests": [
            {
              "title": "devrait ajouter un produit et vérifier la diminution du stock",
              "fullTitle": "Ajout au panier et vérification du stock devrait ajouter un produit et vérifier la diminution du stock",
              "timedOut": null,
              "duration": 3350,
              "state": "passed",
              "speed": "fast",
              "pass": true,
              "fail": false,
              "pending": false,
              "context": null,
              "code": "// Aller à la fiche du produit\ncy.contains('[data-cy=\"product\"]', \"Poussière de lune\").find('[data-cy=\"product-link\"]').click();\n// Extraire le stock initial affiché\ncy.get('[data-cy=\"detail-product-stock\"]', {\n  timeout: 10000\n}).should($el => {\n  const rawText = $el.text();\n  const match = rawText.match(/\\d+/);\n  expect(match, \"Aucun chiffre trouvé dans le texte de stock\").to.not.be.null;\n  initialStock = parseInt(match[0], 10);\n  expect(initialStock).to.be.a(\"number\").and.to.be.greaterThan(0);\n});\n// Ajouter au panier\ncy.get('[data-cy=\"detail-product-add\"]').click();\n// Vérifier redirection vers panier\ncy.get('[data-cy=\"nav-link-cart\"]').click();\ncy.url().should(\"include\", \"#/cart\");\ncy.get(\"#cart-content\").should(\"exist\");\ncy.get('[data-cy=\"cart-line\"]').should(\"contain\", \"Poussière de lune\");\n// Retourner sur la fiche produit pour re-vérifier le stock\ncy.go(\"back\"); // ou navigation directe\ncy.contains('[data-cy=\"detail-product-name\"]', \"Poussière de lune\").should(\"be.visible\");\n// Vérifie que le stock a diminué de 1\ncy.get('[data-cy=\"detail-product-stock\"]').invoke(\"text\").then(updatedText => {\n  const match = updatedText.match(/\\d+/);\n  expect(match, \"Aucun chiffre trouvé après ajout\").to.not.be.null;\n  const updatedStock = parseInt(match[0], 10);\n  expect(updatedStock).to.eq(initialStock - 1);\n});",
              "err": {},
              "uuid": "0b977215-14c5-459d-9dfb-e7db87cf571e",
              "parentUUID": "be3da4d1-cbc5-4627-b410-d57d34b54ebd",
              "isHook": false,
              "skipped": false
            },
            {
              "title": "ne devrait pas ajouter un produit au panier si le stock est à 0 ou négatif",
              "fullTitle": "Ajout au panier et vérification du stock ne devrait pas ajouter un produit au panier si le stock est à 0 ou négatif",
              "timedOut": null,
              "duration": 7541,
              "state": "failed",
              "speed": null,
              "pass": false,
              "fail": true,
              "pending": false,
              "context": null,
              "code": "cy.contains('[data-cy=\"product\"]', \"Sentiments printaniers\").find('[data-cy=\"product-link\"]').click();\ncy.get('[data-cy=\"detail-product-stock\"]', {\n  timeout: 10000\n}).should($el => {\n  const rawText = $el.text();\n  const match = rawText.match(/-?\\d+/);\n  expect(match, \"Aucun chiffre trouvé dans le texte de stock\").to.not.be.null;\n  const stock = parseInt(match[0], 10);\n  expect(stock).to.be.at.most(0); // le test cible bien un stock 0 ou négatif\n});\ncy.intercept(\"PUT\", \"/orders/add\").as(\"addToCart\");\ncy.get('[data-cy=\"detail-product-quantity\"]').clear().type(\"1\");\ncy.get('[data-cy=\"detail-product-add\"]').click();\ncy.wait(\"@addToCart\"); //ESAYEER SANS TIMEOUT!!!!!!\n// Vérification active : s'assurer qu'on RESTE sur la page produit\ncy.get('[data-cy=\"detail-product-name\"]', {\n  timeout: 5000\n}).should(\"be.visible\");",
              "err": {
                "message": "AssertionError: Timed out retrying after 5000ms: Expected to find element: `[data-cy=\"detail-product-name\"]`, but never found it.",
                "estack": "AssertionError: Timed out retrying after 5000ms: Expected to find element: `[data-cy=\"detail-product-name\"]`, but never found it.\n    at Context.eval (webpack:///./cypress/e2e/pannier.cy.js:85:65)",
                "diff": null
              },
              "uuid": "5e7756e3-b93e-4c5b-a189-3e724468538d",
              "parentUUID": "be3da4d1-cbc5-4627-b410-d57d34b54ebd",
              "isHook": false,
              "skipped": false
            },
            {
              "title": "ne devrait pas permettre d’ajouter une quantité supérieure au stock",
              "fullTitle": "Ajout au panier et vérification du stock ne devrait pas permettre d’ajouter une quantité supérieure au stock",
              "timedOut": null,
              "duration": 7855,
              "state": "failed",
              "speed": null,
              "pass": false,
              "fail": true,
              "pending": false,
              "context": null,
              "code": "cy.contains('[data-cy=\"product\"]', \"Mousse de rêve\").find('[data-cy=\"product-link\"]').click();\ncy.get('[data-cy=\"detail-product-price\"]', {\n  timeout: 10000\n}).should(\"be.visible\");\ncy.get('[data-cy=\"detail-product-stock\"]', {\n  timeout: 10000\n}).should($el => {\n  const stockText = $el.text().trim();\n  expect(stockText).to.match(/\\d+\\s*en stock/);\n}).invoke(\"text\").then(text => {\n  const cleaned = text.trim();\n  const match = cleaned.match(/\\d+/);\n  const availableStock = parseInt(match[0], 10);\n  const tooMuch = availableStock + 1;\n  cy.get('[data-cy=\"detail-product-quantity\"]').clear().type(tooMuch.toString());\n  cy.intercept(\"PUT\", \"/orders/add\").as(\"addToCart\");\n  cy.get('[data-cy=\"detail-product-add\"]').click();\n  cy.wait(\"@addToCart\");\n  // Vérification active : s'assurer qu'on RESTE sur la page produit\n  cy.get('[data-cy=\"detail-product-name\"]', {\n    timeout: 5000\n  }).should(\"be.visible\");\n});",
              "err": {
                "message": "AssertionError: Timed out retrying after 5000ms: Expected to find element: `[data-cy=\"detail-product-name\"]`, but never found it.",
                "estack": "AssertionError: Timed out retrying after 5000ms: Expected to find element: `[data-cy=\"detail-product-name\"]`, but never found it.\n    at Context.eval (webpack:///./cypress/e2e/pannier.cy.js:122:69)\n    at getRet (http://localhost:4200/__cypress/runner/cypress_runner.js:120576:20)\n    at tryCatcher (http://localhost:4200/__cypress/runner/cypress_runner.js:1777:23)\n    at Promise.attempt.Promise.try (http://localhost:4200/__cypress/runner/cypress_runner.js:4285:29)\n    at Context.thenFn (http://localhost:4200/__cypress/runner/cypress_runner.js:120587:66)\n    at Context.then (http://localhost:4200/__cypress/runner/cypress_runner.js:120838:21)\n    at wrapped (http://localhost:4200/__cypress/runner/cypress_runner.js:141133:19)",
                "diff": null
              },
              "uuid": "38b68db1-6790-4a0f-9aa6-46c29899eb51",
              "parentUUID": "be3da4d1-cbc5-4627-b410-d57d34b54ebd",
              "isHook": false,
              "skipped": false
            },
            {
              "title": "ne devrait pas permettre d’ajouter une quantité négative au panier",
              "fullTitle": "Ajout au panier et vérification du stock ne devrait pas permettre d’ajouter une quantité négative au panier",
              "timedOut": null,
              "duration": 2106,
              "state": "passed",
              "speed": "fast",
              "pass": true,
              "fail": false,
              "pending": false,
              "context": null,
              "code": "cy.contains('[data-cy=\"product\"]', \"Mousse de rêve\").find('[data-cy=\"product-link\"]').click();\ncy.get('[data-cy=\"detail-product-price\"]', {\n  timeout: 10000\n}).should(\"be.visible\");\n// On tape directement une valeur négative\ncy.get('[data-cy=\"detail-product-quantity\"]').clear().type(\"-10\");\ncy.get('[data-cy=\"detail-product-add\"]').click();\n//Pas de redirection vers le panier\ncy.location(\"hash\").should(\"not.include\", \"/cart\");\n// On reste sur la fiche produit\ncy.get('[data-cy=\"detail-product-stock\"]').should(\"exist\");",
              "err": {},
              "uuid": "8fc9d3ad-e332-4782-80d3-a29c9e734001",
              "parentUUID": "be3da4d1-cbc5-4627-b410-d57d34b54ebd",
              "isHook": false,
              "skipped": false
            }
          ],
          "suites": [],
          "passes": [
            "0b977215-14c5-459d-9dfb-e7db87cf571e",
            "8fc9d3ad-e332-4782-80d3-a29c9e734001"
          ],
          "failures": [
            "5e7756e3-b93e-4c5b-a189-3e724468538d",
            "38b68db1-6790-4a0f-9aa6-46c29899eb51"
          ],
          "pending": [],
          "skipped": [],
          "duration": 20852,
          "root": false,
          "rootEmpty": false,
          "_timeout": 2000
        }
      ],
      "passes": [],
      "failures": [],
      "pending": [],
      "skipped": [],
      "duration": 0,
      "root": true,
      "rootEmpty": true,
      "_timeout": 2000
    }
  ],
  "meta": {
    "mocha": {
      "version": "7.2.0"
    },
    "mochawesome": {
      "options": {
        "quiet": false,
        "reportFilename": "mochawesome",
        "saveHtml": true,
        "saveJson": true,
        "consoleReporter": "spec",
        "useInlineDiffs": false,
        "code": true
      },
      "version": "7.1.3"
    },
    "marge": {
      "options": {
        "reportDir": "mochawesome-report",
        "overwrite": false,
        "html": true,
        "json": true
      },
      "version": "6.2.0"
    }
  }
}