{
  "stats": {
    "suites": 1,
    "tests": 1,
    "passes": 1,
    "pending": 0,
    "failures": 0,
    "start": "2025-07-18T10:41:38.971Z",
    "end": "2025-07-18T10:41:39.098Z",
    "duration": 127,
    "testsRegistered": 1,
    "passPercent": 100,
    "pendingPercent": 0,
    "other": 0,
    "hasOther": false,
    "skipped": 0,
    "hasSkipped": false
  },
  "results": [
    {
      "uuid": "ec072455-a061-44e7-a02b-0d7c49ec72c6",
      "title": "",
      "fullFile": "cypress\\e2e\\apiHealth.cy.js",
      "file": "cypress\\e2e\\apiHealth.cy.js",
      "beforeHooks": [],
      "afterHooks": [],
      "tests": [],
      "suites": [
        {
          "uuid": "4c7607da-034b-46a6-9daf-e2bb1c3cd296",
          "title": "GET /health",
          "fullFile": "",
          "file": "",
          "beforeHooks": [],
          "afterHooks": [],
          "tests": [
            {
              "title": "should return 200 OK",
              "fullTitle": "GET /health should return 200 OK",
              "timedOut": null,
              "duration": 105,
              "state": "passed",
              "speed": "fast",
              "pass": true,
              "fail": false,
              "pending": false,
              "context": null,
              "code": "cy.request(\"GET\", apiHealth).then(response => {\n  expect(response.status).to.eq(200);\n  expect(response.body).to.have.property(\"status\", \"ok\");\n});",
              "err": {},
              "uuid": "1a9577ff-f102-4ee5-8a64-8fff3d97a273",
              "parentUUID": "4c7607da-034b-46a6-9daf-e2bb1c3cd296",
              "isHook": false,
              "skipped": false
            }
          ],
          "suites": [],
          "passes": [
            "1a9577ff-f102-4ee5-8a64-8fff3d97a273"
          ],
          "failures": [],
          "pending": [],
          "skipped": [],
          "duration": 105,
          "root": false,
          "rootEmpty": false,
          "_timeout": 2000
        }
      ],
      "passes": [],
      "failures": [],
      "pending": [],
      "skipped": [],
      "duration": 0,
      "root": true,
      "rootEmpty": true,
      "_timeout": 2000
    }
  ],
  "meta": {
    "mocha": {
      "version": "7.2.0"
    },
    "mochawesome": {
      "options": {
        "quiet": false,
        "reportFilename": "mochawesome",
        "saveHtml": true,
        "saveJson": true,
        "consoleReporter": "spec",
        "useInlineDiffs": false,
        "code": true
      },
      "version": "7.1.3"
    },
    "marge": {
      "options": {
        "reportDir": "mochawesome-report",
        "overwrite": false,
        "html": true,
        "json": true
      },
      "version": "6.2.0"
    }
  }
}