{
  "stats": {
    "suites": 1,
    "tests": 1,
    "passes": 1,
    "pending": 0,
    "failures": 0,
    "start": "2025-07-18T10:42:40.695Z",
    "end": "2025-07-18T10:42:43.873Z",
    "duration": 3178,
    "testsRegistered": 1,
    "passPercent": 100,
    "pendingPercent": 0,
    "other": 0,
    "hasOther": false,
    "skipped": 0,
    "hasSkipped": false
  },
  "results": [
    {
      "uuid": "887a0498-60e0-4c21-95cd-9038534c7153",
      "title": "",
      "fullFile": "cypress\\e2e\\testXss.cy.js",
      "file": "cypress\\e2e\\testXss.cy.js",
      "beforeHooks": [],
      "afterHooks": [],
      "tests": [],
      "suites": [
        {
          "uuid": "76cf9c06-e7f6-4d96-aae4-85c84f07fd9c",
          "title": "Vérifier faille XSS",
          "fullFile": "",
          "file": "",
          "beforeHooks": [],
          "afterHooks": [],
          "tests": [
            {
              "title": "ne doit pas exécuter un script injecté dans un commentaire",
              "fullTitle": "Vérifier faille XSS ne doit pas exécuter un script injecté dans un commentaire",
              "timedOut": null,
              "duration": 3113,
              "state": "passed",
              "speed": "fast",
              "pass": true,
              "fail": false,
              "pending": false,
              "context": null,
              "code": "// Injecter une fausse review avec un script\nconst title = \"Test XSS123\";\nconst xssPayload = '<script>alert(\"XSS\")</script>';\ncy.get('[data-cy=\"review-input-rating-images\"] img').eq(3).click();\ncy.get('[data-cy=\"review-input-title\"]').clear().type(title);\ncy.get('[data-cy=\"review-input-comment\"]').clear().type(xssPayload);\ncy.get('[data-cy=\"review-submit\"]').click();\n// Vérifie que **aucune alerte JS** n’a été déclenchée\ncy.on(\"window:alert\", txt => {\n  //le text correspond à l'alert dans la ligne 16 XSS\n  throw new Error(\"Faille XSS détectée via alert: \" + txt); // Si cette fonction s'exécute, c'est parce qu'un script malveillant a passé à travers et s'est exécuté, le test doit échouer\n});",
              "err": {},
              "uuid": "a0b8efb0-3af7-412b-8c70-ff8c9837e833",
              "parentUUID": "76cf9c06-e7f6-4d96-aae4-85c84f07fd9c",
              "isHook": false,
              "skipped": false
            }
          ],
          "suites": [],
          "passes": [
            "a0b8efb0-3af7-412b-8c70-ff8c9837e833"
          ],
          "failures": [],
          "pending": [],
          "skipped": [],
          "duration": 3113,
          "root": false,
          "rootEmpty": false,
          "_timeout": 2000
        }
      ],
      "passes": [],
      "failures": [],
      "pending": [],
      "skipped": [],
      "duration": 0,
      "root": true,
      "rootEmpty": true,
      "_timeout": 2000
    }
  ],
  "meta": {
    "mocha": {
      "version": "7.2.0"
    },
    "mochawesome": {
      "options": {
        "quiet": false,
        "reportFilename": "mochawesome",
        "saveHtml": true,
        "saveJson": true,
        "consoleReporter": "spec",
        "useInlineDiffs": false,
        "code": true
      },
      "version": "7.1.3"
    },
    "marge": {
      "options": {
        "reportDir": "mochawesome-report",
        "overwrite": false,
        "html": true,
        "json": true
      },
      "version": "6.2.0"
    }
  }
}