{
  "stats": {
    "suites": 2,
    "tests": 2,
    "passes": 2,
    "pending": 0,
    "failures": 0,
    "start": "2025-07-18T10:41:53.447Z",
    "end": "2025-07-18T10:41:54.315Z",
    "duration": 868,
    "testsRegistered": 2,
    "passPercent": 100,
    "pendingPercent": 0,
    "other": 0,
    "hasOther": false,
    "skipped": 0,
    "hasSkipped": false
  },
  "results": [
    {
      "uuid": "10298ade-dee2-435b-9f3c-8d00beae5de8",
      "title": "",
      "fullFile": "cypress\\e2e\\apiPostRegister.cy.js",
      "file": "cypress\\e2e\\apiPostRegister.cy.js",
      "beforeHooks": [],
      "afterHooks": [],
      "tests": [],
      "suites": [
        {
          "uuid": "42af74a5-eba3-4f18-96ca-601ea684a118",
          "title": "Creer un utilisateur avec succès",
          "fullFile": "",
          "file": "",
          "beforeHooks": [],
          "afterHooks": [],
          "tests": [
            {
              "title": "Devrait créer un utilisateur avec succès",
              "fullTitle": "Creer un utilisateur avec succès Devrait créer un utilisateur avec succès",
              "timedOut": null,
              "duration": 602,
              "state": "passed",
              "speed": "fast",
              "pass": true,
              "fail": false,
              "pending": false,
              "context": null,
              "code": "const fakeEmail = _faker.faker.internet.email();\nconst fakeFirstName = _faker.faker.person.firstName();\nconst fakeLastName = _faker.faker.person.lastName();\nconst fakePassword = _faker.faker.internet.password();\ncy.request({\n  method: \"POST\",\n  url: apiUrl + \"/register\",\n  body: {\n    email: fakeEmail,\n    firstname: fakeFirstName,\n    lastname: fakeLastName,\n    plainPassword: {\n      first: fakePassword,\n      second: fakePassword\n    }\n  }\n}).then(response => {\n  expect(response.status).to.eq(200);\n  if (typeof response.body === \"string\") {\n    expect(response.body).to.include(\"Informations de l'utilisateur inscrit\");\n  }\n});",
              "err": {},
              "uuid": "5392b04d-a8d2-4e06-b9fc-4070759dd5d0",
              "parentUUID": "42af74a5-eba3-4f18-96ca-601ea684a118",
              "isHook": false,
              "skipped": false
            }
          ],
          "suites": [],
          "passes": [
            "5392b04d-a8d2-4e06-b9fc-4070759dd5d0"
          ],
          "failures": [],
          "pending": [],
          "skipped": [],
          "duration": 602,
          "root": false,
          "rootEmpty": false,
          "_timeout": 2000
        },
        {
          "uuid": "c564dd2f-6c0e-49cc-9aeb-ea02f824dc8a",
          "title": "Erreur dans les donnés envoyés",
          "fullFile": "",
          "file": "",
          "beforeHooks": [],
          "afterHooks": [],
          "tests": [
            {
              "title": "Devrait retourner un erreu car donnés invalides",
              "fullTitle": "Erreur dans les donnés envoyés Devrait retourner un erreu car donnés invalides",
              "timedOut": null,
              "duration": 233,
              "state": "passed",
              "speed": "fast",
              "pass": true,
              "fail": false,
              "pending": false,
              "context": null,
              "code": "const fakeEmail = _faker.faker.lorem.sentence();\nconst fakeFirstName = _faker.faker.person.firstName();\nconst fakeLastName = _faker.faker.person.lastName();\nconst fakePassword = _faker.faker.internet.password();\ncy.request({\n  method: \"POST\",\n  url: apiUrl + \"/register\",\n  body: {\n    email: fakeEmail,\n    firstname: fakeFirstName,\n    lastname: fakeLastName,\n    plainPassword: {\n      first: \"120440\",\n      second: fakePassword\n    }\n  },\n  failOnStatusCode: false // Permet de continuer même si le statut n'est pas 2xx\n}).then(response => {\n  expect(response.status).to.eq(400);\n  expect(response.body).to.have.property(\"email\");\n  expect(response.body.email[0]).to.include(\"not a valid email\");\n  // Vérifie que l'erreur sur plainPassword.first existe\n  expect(response.body).to.have.nested.property(\"plainPassword.first[0]\");\n  expect(response.body.plainPassword.first[0]).to.include(\"correspondre\");\n});",
              "err": {},
              "uuid": "618e2bf7-abca-4c00-91d4-6d43ff5ef668",
              "parentUUID": "c564dd2f-6c0e-49cc-9aeb-ea02f824dc8a",
              "isHook": false,
              "skipped": false
            }
          ],
          "suites": [],
          "passes": [
            "618e2bf7-abca-4c00-91d4-6d43ff5ef668"
          ],
          "failures": [],
          "pending": [],
          "skipped": [],
          "duration": 233,
          "root": false,
          "rootEmpty": false,
          "_timeout": 2000
        }
      ],
      "passes": [],
      "failures": [],
      "pending": [],
      "skipped": [],
      "duration": 0,
      "root": true,
      "rootEmpty": true,
      "_timeout": 2000
    }
  ],
  "meta": {
    "mocha": {
      "version": "7.2.0"
    },
    "mochawesome": {
      "options": {
        "quiet": false,
        "reportFilename": "mochawesome",
        "saveHtml": true,
        "saveJson": true,
        "consoleReporter": "spec",
        "useInlineDiffs": false,
        "code": true
      },
      "version": "7.1.3"
    },
    "marge": {
      "options": {
        "reportDir": "mochawesome-report",
        "overwrite": false,
        "html": true,
        "json": true
      },
      "version": "6.2.0"
    }
  }
}