{
  "stats": {
    "suites": 3,
    "tests": 3,
    "passes": 3,
    "pending": 0,
    "failures": 0,
    "start": "2025-07-18T10:41:24.537Z",
    "end": "2025-07-18T10:41:27.072Z",
    "duration": 2535,
    "testsRegistered": 3,
    "passPercent": 100,
    "pendingPercent": 0,
    "other": 0,
    "hasOther": false,
    "skipped": 0,
    "hasSkipped": false
  },
  "results": [
    {
      "uuid": "fd95ea27-9b3b-41bf-b7d9-24b092997e79",
      "title": "",
      "fullFile": "cypress\\e2e\\apiGetOrders.cy.js",
      "file": "cypress\\e2e\\apiGetOrders.cy.js",
      "beforeHooks": [],
      "afterHooks": [],
      "tests": [],
      "suites": [
        {
          "uuid": "113685b8-e716-4592-9637-cb7a640048a8",
          "title": "GET /orders sans authentification",
          "fullFile": "",
          "file": "",
          "beforeHooks": [],
          "afterHooks": [],
          "tests": [
            {
              "title": "should return 401 KO",
              "fullTitle": "GET /orders sans authentification should return 401 KO",
              "timedOut": null,
              "duration": 172,
              "state": "passed",
              "speed": "fast",
              "pass": true,
              "fail": false,
              "pending": false,
              "context": null,
              "code": "cy.request({\n  method: \"GET\",\n  url: apiUrl + \"/orders\",\n  failOnStatusCode: false\n}).then(response => {\n  expect(response.status).to.eq(401);\n  expect(response.body.message).to.include(\"JWT Token not found\");\n  cy.log(\"Response body:\", response.body);\n});",
              "err": {},
              "uuid": "189e5e1b-073d-4888-8be6-734fd6d6a08d",
              "parentUUID": "113685b8-e716-4592-9637-cb7a640048a8",
              "isHook": false,
              "skipped": false
            }
          ],
          "suites": [],
          "passes": [
            "189e5e1b-073d-4888-8be6-734fd6d6a08d"
          ],
          "failures": [],
          "pending": [],
          "skipped": [],
          "duration": 172,
          "root": false,
          "rootEmpty": false,
          "_timeout": 2000
        },
        {
          "uuid": "b704757d-e5ac-4bb2-ba4e-5e5603f72a3c",
          "title": "GET /orders avec authentification",
          "fullFile": "",
          "file": "",
          "beforeHooks": [],
          "afterHooks": [],
          "tests": [
            {
              "title": "Devrait retourner un 200 avec un property orderLines",
              "fullTitle": "GET /orders avec authentification Devrait retourner un 200 avec un property orderLines",
              "timedOut": null,
              "duration": 762,
              "state": "passed",
              "speed": "fast",
              "pass": true,
              "fail": false,
              "pending": false,
              "context": null,
              "code": "cy.request({\n  method: \"GET\",\n  url: apiUrl + \"/orders\",\n  headers: {\n    Authorization: \"Bearer \" + token // Utilisez le token ici\n  },\n  body: {\n    //s’il y a un body\n  }\n}).then(response => {\n  // Assertions pour le test\n  expect(response.status).to.eq(200);\n  expect(response.body).to.have.property(\"orderLines\");\n});",
              "err": {},
              "uuid": "b99e9707-3a7a-43ae-a00e-b7c68c464da8",
              "parentUUID": "b704757d-e5ac-4bb2-ba4e-5e5603f72a3c",
              "isHook": false,
              "skipped": false
            }
          ],
          "suites": [],
          "passes": [
            "b99e9707-3a7a-43ae-a00e-b7c68c464da8"
          ],
          "failures": [],
          "pending": [],
          "skipped": [],
          "duration": 762,
          "root": false,
          "rootEmpty": false,
          "_timeout": 2000
        },
        {
          "uuid": "9f3c6014-0852-4493-843f-7ffbb6a916b6",
          "title": "GET /orders sans commande",
          "fullFile": "",
          "file": "",
          "beforeHooks": [],
          "afterHooks": [],
          "tests": [
            {
              "title": "Devrait retourner 404 et un message explicite s'il n'y a pas de commande en cours",
              "fullTitle": "GET /orders sans commande Devrait retourner 404 et un message explicite s'il n'y a pas de commande en cours",
              "timedOut": null,
              "duration": 1547,
              "state": "passed",
              "speed": "fast",
              "pass": true,
              "fail": false,
              "pending": false,
              "context": null,
              "code": "const fakeEmail = _faker.faker.internet.email();\nconst fakeFirstName = _faker.faker.person.firstName();\nconst fakeLastName = _faker.faker.person.lastName();\nconst fakePassword = _faker.faker.internet.password();\n// Étape 1 : créer un utilisateur pour obtenir un token\ncy.request({\n  method: \"POST\",\n  url: apiUrl + \"/register\",\n  body: {\n    email: fakeEmail,\n    firstname: fakeFirstName,\n    lastname: fakeLastName,\n    plainPassword: {\n      first: fakePassword,\n      second: fakePassword\n    }\n  }\n}).then(resRegister => {\n  expect(resRegister.status).to.eq(200);\n  // Étape 2 : login pour obtenir un token valide\n  cy.request(\"POST\", apiUrl + \"/login\", {\n    username: fakeEmail,\n    password: fakePassword\n  }).then(resLogin => {\n    expect(resLogin.status).to.eq(200);\n    const token = resLogin.body.token;\n    // Étape 3 : test GET /orders\n    cy.request({\n      method: \"GET\",\n      url: apiUrl + \"/orders\",\n      headers: {\n        Authorization: `Bearer ${token}`,\n        Accept: \"application/json\"\n      },\n      failOnStatusCode: false\n    }).then(response => {\n      expect(response.status).to.eq(404);\n      if (typeof response.body === \"string\") {\n        expect(response.body).to.include(\"Aucune commande en cours\");\n      }\n    });\n  });\n});",
              "err": {},
              "uuid": "27ef85b0-9b5e-4b78-bf3e-d70454f4b924",
              "parentUUID": "9f3c6014-0852-4493-843f-7ffbb6a916b6",
              "isHook": false,
              "skipped": false
            }
          ],
          "suites": [],
          "passes": [
            "27ef85b0-9b5e-4b78-bf3e-d70454f4b924"
          ],
          "failures": [],
          "pending": [],
          "skipped": [],
          "duration": 1547,
          "root": false,
          "rootEmpty": false,
          "_timeout": 2000
        }
      ],
      "passes": [],
      "failures": [],
      "pending": [],
      "skipped": [],
      "duration": 0,
      "root": true,
      "rootEmpty": true,
      "_timeout": 2000
    }
  ],
  "meta": {
    "mocha": {
      "version": "7.2.0"
    },
    "mochawesome": {
      "options": {
        "quiet": false,
        "reportFilename": "mochawesome",
        "saveHtml": true,
        "saveJson": true,
        "consoleReporter": "spec",
        "useInlineDiffs": false,
        "code": true
      },
      "version": "7.1.3"
    },
    "marge": {
      "options": {
        "reportDir": "mochawesome-report",
        "overwrite": false,
        "html": true,
        "json": true
      },
      "version": "6.2.0"
    }
  }
}