{
  "stats": {
    "suites": 1,
    "tests": 3,
    "passes": 3,
    "pending": 0,
    "failures": 0,
    "start": "2025-07-18T10:41:43.286Z",
    "end": "2025-07-18T10:41:44.087Z",
    "duration": 801,
    "testsRegistered": 3,
    "passPercent": 100,
    "pendingPercent": 0,
    "other": 0,
    "hasOther": false,
    "skipped": 0,
    "hasSkipped": false
  },
  "results": [
    {
      "uuid": "298193e7-2414-4f4e-9186-4e185069c7af",
      "title": "",
      "fullFile": "cypress\\e2e\\apiLogin.cy.js",
      "file": "cypress\\e2e\\apiLogin.cy.js",
      "beforeHooks": [],
      "afterHooks": [],
      "tests": [
        {
          "title": "should fail to login with wrong credentials",
          "fullTitle": "should fail to login with wrong credentials",
          "timedOut": null,
          "duration": 143,
          "state": "passed",
          "speed": "fast",
          "pass": true,
          "fail": false,
          "pending": false,
          "context": null,
          "code": "const fakeEmail = _faker.faker.internet.email();\nconst fakePassword = _faker.faker.internet.password();\ncy.request({\n  method: \"POST\",\n  url: apiLogin,\n  body: {\n    username: fakeEmail,\n    password: fakePassword\n  },\n  failOnStatusCode: false\n}).then(response => {\n  expect(response.status).to.eq(401);\n  expect(response.body.message).to.include(\"Invalid credentials\");\n});",
          "err": {},
          "uuid": "2bbf9f7d-6fb0-4db6-a894-84ec48e756d0",
          "parentUUID": "298193e7-2414-4f4e-9186-4e185069c7af",
          "isHook": false,
          "skipped": false
        },
        {
          "title": "should fail to login if the JSON format is invalid",
          "fullTitle": "should fail to login if the JSON format is invalid",
          "timedOut": null,
          "duration": 116,
          "state": "passed",
          "speed": "fast",
          "pass": true,
          "fail": false,
          "pending": false,
          "context": null,
          "code": "cy.request({\n  method: \"POST\",\n  url: apiLogin,\n  body: \"{badJson:true}\",\n  headers: {\n    \"Content-Type\": \"application/json\"\n  },\n  failOnStatusCode: false\n}).then(response => {\n  expect(response.status).to.eq(400);\n});",
          "err": {},
          "uuid": "ecda8f3d-76f1-4df7-bc8e-f6a2855f55cb",
          "parentUUID": "298193e7-2414-4f4e-9186-4e185069c7af",
          "isHook": false,
          "skipped": false
        }
      ],
      "suites": [
        {
          "uuid": "5fee1825-7f93-4445-bc73-9a70efac3c3b",
          "title": "POST /login",
          "fullFile": "",
          "file": "",
          "beforeHooks": [],
          "afterHooks": [],
          "tests": [
            {
              "title": "should login successfully",
              "fullTitle": "POST /login should login successfully",
              "timedOut": null,
              "duration": 502,
              "state": "passed",
              "speed": "fast",
              "pass": true,
              "fail": false,
              "pending": false,
              "context": null,
              "code": "cy.request({\n  method: \"POST\",\n  url: apiLogin,\n  body: {\n    username: \"test2@test.fr\",\n    password: \"testtest\"\n  },\n  failOnStatusCode: true\n}).then(response => {\n  expect(response.status).to.eq(200);\n  expect(response.body).to.have.property(\"token\");\n});",
              "err": {},
              "uuid": "2289fcbd-4a26-4db2-80f0-1ed72dd7a2a2",
              "parentUUID": "5fee1825-7f93-4445-bc73-9a70efac3c3b",
              "isHook": false,
              "skipped": false
            }
          ],
          "suites": [],
          "passes": [
            "2289fcbd-4a26-4db2-80f0-1ed72dd7a2a2"
          ],
          "failures": [],
          "pending": [],
          "skipped": [],
          "duration": 502,
          "root": false,
          "rootEmpty": false,
          "_timeout": 2000
        }
      ],
      "passes": [
        "2bbf9f7d-6fb0-4db6-a894-84ec48e756d0",
        "ecda8f3d-76f1-4df7-bc8e-f6a2855f55cb"
      ],
      "failures": [],
      "pending": [],
      "skipped": [],
      "duration": 259,
      "root": true,
      "rootEmpty": false,
      "_timeout": 2000
    }
  ],
  "meta": {
    "mocha": {
      "version": "7.2.0"
    },
    "mochawesome": {
      "options": {
        "quiet": false,
        "reportFilename": "mochawesome",
        "saveHtml": true,
        "saveJson": true,
        "consoleReporter": "spec",
        "useInlineDiffs": false,
        "code": true
      },
      "version": "7.1.3"
    },
    "marge": {
      "options": {
        "reportDir": "mochawesome-report",
        "overwrite": false,
        "html": true,
        "json": true
      },
      "version": "6.2.0"
    }
  }
}