{
  "stats": {
    "suites": 1,
    "tests": 4,
    "passes": 2,
    "pending": 0,
    "failures": 2,
    "start": "2025-07-18T10:41:58.106Z",
    "end": "2025-07-18T10:42:01.125Z",
    "duration": 3019,
    "testsRegistered": 4,
    "passPercent": 50,
    "pendingPercent": 0,
    "other": 0,
    "hasOther": false,
    "skipped": 0,
    "hasSkipped": false
  },
  "results": [
    {
      "uuid": "10d2fa3e-6602-4c2a-96a3-139c356bf90c",
      "title": "",
      "fullFile": "cypress\\e2e\\apiPutOrders.cy.js",
      "file": "cypress\\e2e\\apiPutOrders.cy.js",
      "beforeHooks": [],
      "afterHooks": [],
      "tests": [],
      "suites": [
        {
          "uuid": "7d1c5bf5-b141-4d2f-92cd-96ea5e5f6e4b",
          "title": "PUT /orders/add - Ajouter un produit au panier",
          "fullFile": "",
          "file": "",
          "beforeHooks": [],
          "afterHooks": [],
          "tests": [
            {
              "title": "Devrait ajouter un produit au panier avec succès",
              "fullTitle": "PUT /orders/add - Ajouter un produit au panier Devrait ajouter un produit au panier avec succès",
              "timedOut": null,
              "duration": 1052,
              "state": "passed",
              "speed": "fast",
              "pass": true,
              "fail": false,
              "pending": false,
              "context": null,
              "code": "const productId = 5;\ncy.request({\n  method: \"PUT\",\n  url: `${apiUrl}/orders/add`,\n  headers: {\n    Authorization: \"Bearer \" + token\n  },\n  body: {\n    product: productId,\n    quantity: 1\n  }\n}).then(response => {\n  expect(response.status).to.eq(200);\n  expect(response.body).to.have.property(\"orderLines\").and.to.be.an(\"array\");\n  response.body.orderLines.forEach(line => {\n    expect(line).to.have.property(\"quantity\").and.to.be.a(\"number\").and.to.be.greaterThan(0);\n  });\n});",
              "err": {},
              "uuid": "6dcc71fe-bdd3-41ce-9a4b-ebb53c8d0779",
              "parentUUID": "7d1c5bf5-b141-4d2f-92cd-96ea5e5f6e4b",
              "isHook": false,
              "skipped": false
            },
            {
              "title": "ne devrait pas permettre d’ajouter un produit en rupture de stock (0 ou négatif)",
              "fullTitle": "PUT /orders/add - Ajouter un produit au panier ne devrait pas permettre d’ajouter un produit en rupture de stock (0 ou négatif)",
              "timedOut": null,
              "duration": 819,
              "state": "failed",
              "speed": null,
              "pass": false,
              "fail": true,
              "pending": false,
              "context": null,
              "code": "const productId = 3; // Sentiments printaniers (stock -8)\ncy.request(`${apiUrl}/products/${productId}`).then(res => {\n  const stock = res.body.availableStock;\n  expect(stock).to.be.at.most(0);\n  cy.request({\n    method: \"PUT\",\n    url: `${apiUrl}/orders/add`,\n    headers: {\n      Authorization: \"Bearer \" + token\n    },\n    body: {\n      product: productId,\n      quantity: 1\n    },\n    failOnStatusCode: false\n  }).then(res => {\n    expect(res.status).to.not.eq(200); // Si le serveur renvoie 200, le test échoue\n  });\n});",
              "err": {
                "message": "AssertionError: expected 200 to not equal 200",
                "estack": "AssertionError: expected 200 to not equal 200\n    at Context.eval (webpack:///./cypress/e2e/apiPutOrders.cy.js:92:34)\n    at getRet (http://localhost:4200/__cypress/runner/cypress_runner.js:120576:20)\n    at tryCatcher (http://localhost:4200/__cypress/runner/cypress_runner.js:1777:23)\n    at Promise.attempt.Promise.try (http://localhost:4200/__cypress/runner/cypress_runner.js:4285:29)\n    at Context.thenFn (http://localhost:4200/__cypress/runner/cypress_runner.js:120587:66)\n    at Context.then (http://localhost:4200/__cypress/runner/cypress_runner.js:120838:21)",
                "diff": ""
              },
              "uuid": "2728bac6-2550-4bc4-b11a-96e9220d7218",
              "parentUUID": "7d1c5bf5-b141-4d2f-92cd-96ea5e5f6e4b",
              "isHook": false,
              "skipped": false
            },
            {
              "title": "ne devrait pas permettre d’ajouter une quantité supérieure à la disponibilité",
              "fullTitle": "PUT /orders/add - Ajouter un produit au panier ne devrait pas permettre d’ajouter une quantité supérieure à la disponibilité",
              "timedOut": null,
              "duration": 620,
              "state": "failed",
              "speed": null,
              "pass": false,
              "fail": true,
              "pending": false,
              "context": null,
              "code": "const productId = 9;\ncy.request(`${apiUrl}/products/${productId}`).then(res => {\n  const stock = res.body.availableStock;\n  expect(stock).to.be.a(\"number\").and.to.be.greaterThan(0);\n  const excessiveQuantity = stock + 1;\n  cy.request({\n    method: \"PUT\",\n    url: `${apiUrl}/orders/add`,\n    headers: {\n      Authorization: \"Bearer \" + token\n    },\n    body: {\n      product: productId,\n      quantity: excessiveQuantity\n    },\n    failOnStatusCode: false\n  }).then(res => {\n    expect(res.status).to.not.eq(200);\n  });\n});",
              "err": {
                "message": "AssertionError: expected -61244480 to be above 0",
                "estack": "AssertionError: expected -61244480 to be above 0\n    at Context.eval (webpack:///./cypress/e2e/apiPutOrders.cy.js:102:48)\n    at getRet (http://localhost:4200/__cypress/runner/cypress_runner.js:120576:20)\n    at tryCatcher (http://localhost:4200/__cypress/runner/cypress_runner.js:1777:23)\n    at Promise.attempt.Promise.try (http://localhost:4200/__cypress/runner/cypress_runner.js:4285:29)\n    at Context.thenFn (http://localhost:4200/__cypress/runner/cypress_runner.js:120587:66)\n    at Context.then (http://localhost:4200/__cypress/runner/cypress_runner.js:120838:21)",
                "diff": null
              },
              "uuid": "3c759d5c-1862-48b3-b609-a34ef0f28b9d",
              "parentUUID": "7d1c5bf5-b141-4d2f-92cd-96ea5e5f6e4b",
              "isHook": false,
              "skipped": false
            },
            {
              "title": "ne devrait pas permettre l’ajout d’une quantité négative",
              "fullTitle": "PUT /orders/add - Ajouter un produit au panier ne devrait pas permettre l’ajout d’une quantité négative",
              "timedOut": null,
              "duration": 405,
              "state": "passed",
              "speed": "fast",
              "pass": true,
              "fail": false,
              "pending": false,
              "context": null,
              "code": "const productId = 9;\ncy.request({\n  method: \"PUT\",\n  url: `${apiUrl}/orders/add`,\n  headers: {\n    Authorization: `Bearer ${token}`\n  },\n  body: {\n    product: productId,\n    quantity: -3\n  },\n  failOnStatusCode: false\n}).then(res => {\n  expect(res.status).to.be.gte(400);\n});",
              "err": {},
              "uuid": "38f3e72f-99d1-4bdf-9ed3-8ed50fb378d2",
              "parentUUID": "7d1c5bf5-b141-4d2f-92cd-96ea5e5f6e4b",
              "isHook": false,
              "skipped": false
            }
          ],
          "suites": [],
          "passes": [
            "6dcc71fe-bdd3-41ce-9a4b-ebb53c8d0779",
            "38f3e72f-99d1-4bdf-9ed3-8ed50fb378d2"
          ],
          "failures": [
            "2728bac6-2550-4bc4-b11a-96e9220d7218",
            "3c759d5c-1862-48b3-b609-a34ef0f28b9d"
          ],
          "pending": [],
          "skipped": [],
          "duration": 2896,
          "root": false,
          "rootEmpty": false,
          "_timeout": 2000
        }
      ],
      "passes": [],
      "failures": [],
      "pending": [],
      "skipped": [],
      "duration": 0,
      "root": true,
      "rootEmpty": true,
      "_timeout": 2000
    }
  ],
  "meta": {
    "mocha": {
      "version": "7.2.0"
    },
    "mochawesome": {
      "options": {
        "quiet": false,
        "reportFilename": "mochawesome",
        "saveHtml": true,
        "saveJson": true,
        "consoleReporter": "spec",
        "useInlineDiffs": false,
        "code": true
      },
      "version": "7.1.3"
    },
    "marge": {
      "options": {
        "reportDir": "mochawesome-report",
        "overwrite": false,
        "html": true,
        "json": true
      },
      "version": "6.2.0"
    }
  }
}