{
  "stats": {
    "suites": 2,
    "tests": 3,
    "passes": 3,
    "pending": 0,
    "failures": 0,
    "start": "2025-07-18T10:41:47.714Z",
    "end": "2025-07-18T10:41:50.080Z",
    "duration": 2366,
    "testsRegistered": 3,
    "passPercent": 100,
    "pendingPercent": 0,
    "other": 0,
    "hasOther": false,
    "skipped": 0,
    "hasSkipped": false
  },
  "results": [
    {
      "uuid": "d9e1ccd7-0d4c-4a6b-888d-1456fa2fdd07",
      "title": "",
      "fullFile": "cypress\\e2e\\apiPostOrders.cy.js",
      "file": "cypress\\e2e\\apiPostOrders.cy.js",
      "beforeHooks": [],
      "afterHooks": [],
      "tests": [],
      "suites": [
        {
          "uuid": "e240f3f6-e849-4280-96c4-5b87ee75813a",
          "title": "POST /Orders avec commande",
          "fullFile": "",
          "file": "",
          "beforeHooks": [],
          "afterHooks": [],
          "tests": [
            {
              "title": "Devrait ajouter un produit au panier",
              "fullTitle": "POST /Orders avec commande Devrait ajouter un produit au panier",
              "timedOut": null,
              "duration": 879,
              "state": "passed",
              "speed": "fast",
              "pass": true,
              "fail": false,
              "pending": false,
              "context": null,
              "code": "// Étape 1 : Ajouter un produit au panier\ncy.request({\n  method: \"PUT\",\n  url: apiUrl + \"/orders/add\",\n  headers: {\n    Authorization: \"Bearer \" + token\n  },\n  body: {\n    product: 10,\n    // ou un produit connu en stock\n    quantity: 1\n  }\n}).then(addResponse => {\n  expect(addResponse.status).to.eq(200);\n});",
              "err": {},
              "uuid": "7bd85146-2bb9-471c-9a68-a8cd936035b8",
              "parentUUID": "e240f3f6-e849-4280-96c4-5b87ee75813a",
              "isHook": false,
              "skipped": false
            },
            {
              "title": "Devrait créer une commande avec succès",
              "fullTitle": "POST /Orders avec commande Devrait créer une commande avec succès",
              "timedOut": null,
              "duration": 249,
              "state": "passed",
              "speed": "fast",
              "pass": true,
              "fail": false,
              "pending": false,
              "context": null,
              "code": "cy.request({\n  method: \"POST\",\n  url: apiUrl + \"/orders\",\n  headers: {\n    Authorization: \"Bearer \" + token,\n    Accept: \"application/json\"\n  },\n  body: {\n    firstname: \"Test\",\n    lastname: \"Test\",\n    address: \"155 rue test\",\n    zipCode: \"75001\",\n    city: \"Paris\"\n  }\n}).then(response => {\n  expect(response.status).to.eq(200);\n  expect(response.body).to.include({\n    firstname: \"Test\",\n    lastname: \"Test\",\n    zipCode: \"75001\",\n    city: \"Paris\",\n    validated: true\n  });\n  expect(response.body).to.have.property(\"orderLines\").and.to.be.an(\"array\");\n});",
              "err": {},
              "uuid": "1064932d-d6f6-42b7-b170-5791625b5718",
              "parentUUID": "e240f3f6-e849-4280-96c4-5b87ee75813a",
              "isHook": false,
              "skipped": false
            }
          ],
          "suites": [],
          "passes": [
            "7bd85146-2bb9-471c-9a68-a8cd936035b8",
            "1064932d-d6f6-42b7-b170-5791625b5718"
          ],
          "failures": [],
          "pending": [],
          "skipped": [],
          "duration": 1128,
          "root": false,
          "rootEmpty": false,
          "_timeout": 2000
        },
        {
          "uuid": "0246383f-a453-4da5-b1a6-fe9537b971b5",
          "title": "POST /orders sans commande",
          "fullFile": "",
          "file": "",
          "beforeHooks": [],
          "afterHooks": [],
          "tests": [
            {
              "title": "Devrait retourner 404 et un message explicite s'il n'y a pas de commande en cours",
              "fullTitle": "POST /orders sans commande Devrait retourner 404 et un message explicite s'il n'y a pas de commande en cours",
              "timedOut": null,
              "duration": 1189,
              "state": "passed",
              "speed": "fast",
              "pass": true,
              "fail": false,
              "pending": false,
              "context": null,
              "code": "const fakeEmail = _faker.faker.internet.email();\nconst fakeFirstName = _faker.faker.person.firstName();\nconst fakeLastName = _faker.faker.person.lastName();\nconst fakePassword = _faker.faker.internet.password();\n// Étape 1 : créer un utilisateur pour obtenir un token\ncy.request({\n  method: \"POST\",\n  url: apiUrl + \"/register\",\n  body: {\n    email: fakeEmail,\n    firstname: fakeFirstName,\n    lastname: fakeLastName,\n    plainPassword: {\n      first: fakePassword,\n      second: fakePassword\n    }\n  }\n}).then(response => {\n  expect(response.status).to.eq(200);\n  // Étape 2 : login pour obtenir un token valide\n  cy.request(\"POST\", apiUrl + \"/login\", {\n    username: fakeEmail,\n    password: fakePassword\n  }).then(response => {\n    expect(response.status).to.eq(200);\n    const token = response.body.token;\n    // Étape 3 : test POST /orders\n    cy.request({\n      method: \"POST\",\n      url: apiUrl + \"/orders\",\n      headers: {\n        Authorization: `Bearer ${token}`,\n        Accept: \"application/json\"\n      },\n      failOnStatusCode: false\n    }).then(response => {\n      expect(response.status).to.eq(404);\n      if (typeof response.body === \"string\") {\n        expect(response.body).to.include(\"Pas de commande en cours\");\n      }\n    });\n  });\n});",
              "err": {},
              "uuid": "2348980d-c8c9-4249-9937-85508634430e",
              "parentUUID": "0246383f-a453-4da5-b1a6-fe9537b971b5",
              "isHook": false,
              "skipped": false
            }
          ],
          "suites": [],
          "passes": [
            "2348980d-c8c9-4249-9937-85508634430e"
          ],
          "failures": [],
          "pending": [],
          "skipped": [],
          "duration": 1189,
          "root": false,
          "rootEmpty": false,
          "_timeout": 2000
        }
      ],
      "passes": [],
      "failures": [],
      "pending": [],
      "skipped": [],
      "duration": 0,
      "root": true,
      "rootEmpty": true,
      "_timeout": 2000
    }
  ],
  "meta": {
    "mocha": {
      "version": "7.2.0"
    },
    "mochawesome": {
      "options": {
        "quiet": false,
        "reportFilename": "mochawesome",
        "saveHtml": true,
        "saveJson": true,
        "consoleReporter": "spec",
        "useInlineDiffs": false,
        "code": true
      },
      "version": "7.1.3"
    },
    "marge": {
      "options": {
        "reportDir": "mochawesome-report",
        "overwrite": false,
        "html": true,
        "json": true
      },
      "version": "6.2.0"
    }
  }
}