{
  "stats": {
    "suites": 1,
    "tests": 1,
    "passes": 1,
    "pending": 0,
    "failures": 0,
    "start": "2025-07-18T10:42:38.042Z",
    "end": "2025-07-18T10:42:38.692Z",
    "duration": 650,
    "testsRegistered": 1,
    "passPercent": 100,
    "pendingPercent": 0,
    "other": 0,
    "hasOther": false,
    "skipped": 0,
    "hasSkipped": false
  },
  "results": [
    {
      "uuid": "2bb04648-b228-4eec-ba47-03db469148b4",
      "title": "",
      "fullFile": "cypress\\e2e\\smokeConnexion.cy.js",
      "file": "cypress\\e2e\\smokeConnexion.cy.js",
      "beforeHooks": [],
      "afterHooks": [],
      "tests": [],
      "suites": [
        {
          "uuid": "9c08b058-aeda-44e1-8a8a-192df998b9fc",
          "title": "Vérification des champs connexion",
          "fullFile": "",
          "file": "",
          "beforeHooks": [],
          "afterHooks": [],
          "tests": [
            {
              "title": "devrait vérifier les champs présents sur la page de connexion",
              "fullTitle": "Vérification des champs connexion devrait vérifier les champs présents sur la page de connexion",
              "timedOut": null,
              "duration": 570,
              "state": "passed",
              "speed": "fast",
              "pass": true,
              "fail": false,
              "pending": false,
              "context": null,
              "code": "cy.visit(\"/#/login\");\ncy.get('[data-cy=\"login-input-username\"]').should(\"exist\");\ncy.get('[data-cy=\"login-input-password\"]').should(\"exist\");\ncy.get('[data-cy=\"login-submit\"]').should(\"exist\");\ncy.get('a[href=\"#/register\"]').should(\"exist\"); // Vérifie la présence du lien vers la page d'inscription",
              "err": {},
              "uuid": "3645716a-9bd5-4efd-b227-99f5f0c925dd",
              "parentUUID": "9c08b058-aeda-44e1-8a8a-192df998b9fc",
              "isHook": false,
              "skipped": false
            }
          ],
          "suites": [],
          "passes": [
            "3645716a-9bd5-4efd-b227-99f5f0c925dd"
          ],
          "failures": [],
          "pending": [],
          "skipped": [],
          "duration": 570,
          "root": false,
          "rootEmpty": false,
          "_timeout": 2000
        }
      ],
      "passes": [],
      "failures": [],
      "pending": [],
      "skipped": [],
      "duration": 0,
      "root": true,
      "rootEmpty": true,
      "_timeout": 2000
    }
  ],
  "meta": {
    "mocha": {
      "version": "7.2.0"
    },
    "mochawesome": {
      "options": {
        "quiet": false,
        "reportFilename": "mochawesome",
        "saveHtml": true,
        "saveJson": true,
        "consoleReporter": "spec",
        "useInlineDiffs": false,
        "code": true
      },
      "version": "7.1.3"
    },
    "marge": {
      "options": {
        "reportDir": "mochawesome-report",
        "overwrite": false,
        "html": true,
        "json": true
      },
      "version": "6.2.0"
    }
  }
}