{
  "stats": {
    "suites": 4,
    "tests": 5,
    "passes": 5,
    "pending": 0,
    "failures": 0,
    "start": "2025-07-18T10:41:30.532Z",
    "end": "2025-07-18T10:41:31.634Z",
    "duration": 1102,
    "testsRegistered": 5,
    "passPercent": 100,
    "pendingPercent": 0,
    "other": 0,
    "hasOther": false,
    "skipped": 0,
    "hasSkipped": false
  },
  "results": [
    {
      "uuid": "ac0167d6-ceb4-427e-b7b2-36cacdb2bdd3",
      "title": "",
      "fullFile": "cypress\\e2e\\apiGetProducts.cy.js",
      "file": "cypress\\e2e\\apiGetProducts.cy.js",
      "beforeHooks": [],
      "afterHooks": [],
      "tests": [],
      "suites": [
        {
          "uuid": "cf8772d0-d5c1-4497-bd13-54fe1ca95869",
          "title": "GET / Products",
          "fullFile": "",
          "file": "",
          "beforeHooks": [],
          "afterHooks": [],
          "tests": [
            {
              "title": "Devrait retourner un 200 avec la liste des produits",
              "fullTitle": "GET / Products Devrait retourner un 200 avec la liste des produits",
              "timedOut": null,
              "duration": 199,
              "state": "passed",
              "speed": "fast",
              "pass": true,
              "fail": false,
              "pending": false,
              "context": null,
              "code": "cy.request({\n  method: \"GET\",\n  url: apiUrl + \"/products\",\n  headers: {\n    Accept: \"application/json\"\n  }\n}).then(response => {\n  expect(response.status).to.eq(200);\n  expect(response.body).to.be.an(\"array\");\n  expect(response.body.length).to.be.greaterThan(0);\n  response.body.forEach(product => {\n    expect(product).to.include.keys(\"id\", \"name\", \"price\", \"description\");\n    expect(product.id).to.be.a(\"number\");\n    expect(product.name).to.be.a(\"string\");\n    expect(product.price).to.be.a(\"number\");\n    expect(product.description).to.be.a(\"string\");\n  });\n});",
              "err": {},
              "uuid": "02236fc5-db42-4ab9-a95e-f713aa0d5b0f",
              "parentUUID": "cf8772d0-d5c1-4497-bd13-54fe1ca95869",
              "isHook": false,
              "skipped": false
            }
          ],
          "suites": [],
          "passes": [
            "02236fc5-db42-4ab9-a95e-f713aa0d5b0f"
          ],
          "failures": [],
          "pending": [],
          "skipped": [],
          "duration": 199,
          "root": false,
          "rootEmpty": false,
          "_timeout": 2000
        },
        {
          "uuid": "cc43a94f-f589-4444-8951-d128320e8065",
          "title": "GET / Products random",
          "fullFile": "",
          "file": "",
          "beforeHooks": [],
          "afterHooks": [],
          "tests": [
            {
              "title": "Devrait retourner un 200 avec une liste de 3 produits aleatoires",
              "fullTitle": "GET / Products random Devrait retourner un 200 avec une liste de 3 produits aleatoires",
              "timedOut": null,
              "duration": 137,
              "state": "passed",
              "speed": "fast",
              "pass": true,
              "fail": false,
              "pending": false,
              "context": null,
              "code": "cy.request({\n  method: \"GET\",\n  url: apiUrl + \"/products/random\",\n  headers: {\n    Accept: \"application/json\"\n  }\n}).then(response => {\n  expect(response.status).to.eq(200);\n  expect(response.body).to.be.an(\"array\");\n  expect(response.body.length).to.be.equal(3);\n  response.body.forEach(product => {\n    expect(product).to.include.keys(\"id\", \"name\", \"price\", \"description\");\n    expect(product.id).to.be.a(\"number\");\n    expect(product.name).to.be.a(\"string\");\n    expect(product.price).to.be.a(\"number\");\n    expect(product.description).to.be.a(\"string\");\n  });\n});",
              "err": {},
              "uuid": "c2e8700f-fd37-4f66-a99e-da00f7c1cedb",
              "parentUUID": "cc43a94f-f589-4444-8951-d128320e8065",
              "isHook": false,
              "skipped": false
            }
          ],
          "suites": [],
          "passes": [
            "c2e8700f-fd37-4f66-a99e-da00f7c1cedb"
          ],
          "failures": [],
          "pending": [],
          "skipped": [],
          "duration": 137,
          "root": false,
          "rootEmpty": false,
          "_timeout": 2000
        },
        {
          "uuid": "4f2ddf83-3de1-496c-bf8d-992e94866241",
          "title": "GET / Products random qui ne sont pas les mêmes",
          "fullFile": "",
          "file": "",
          "beforeHooks": [],
          "afterHooks": [],
          "tests": [
            {
              "title": "Devrait retourner des produits aléatoires à chaque appel",
              "fullTitle": "GET / Products random qui ne sont pas les mêmes Devrait retourner des produits aléatoires à chaque appel",
              "timedOut": null,
              "duration": 249,
              "state": "passed",
              "speed": "fast",
              "pass": true,
              "fail": false,
              "pending": false,
              "context": null,
              "code": "// Appel 2\ncy.request(apiUrl + \"/products/random\").then(response => {\n  const secondCall = response.body; // On stocke ici en const\n  // On compare les deux appels\n  expect(JSON.stringify(firstCall)).to.not.equal(JSON.stringify(secondCall));\n});",
              "err": {},
              "uuid": "d251a3f0-53ab-4851-8ab5-69be1feeab9e",
              "parentUUID": "4f2ddf83-3de1-496c-bf8d-992e94866241",
              "isHook": false,
              "skipped": false
            }
          ],
          "suites": [],
          "passes": [
            "d251a3f0-53ab-4851-8ab5-69be1feeab9e"
          ],
          "failures": [],
          "pending": [],
          "skipped": [],
          "duration": 249,
          "root": false,
          "rootEmpty": false,
          "_timeout": 2000
        },
        {
          "uuid": "414dc511-3edf-4fdc-9781-84da9ef1b7a9",
          "title": "GET / Récupere les détails d'un produit ",
          "fullFile": "",
          "file": "",
          "beforeHooks": [],
          "afterHooks": [],
          "tests": [
            {
              "title": "Devrait retourner un 200 avec un detail du produit",
              "fullTitle": "GET / Récupere les détails d'un produit  Devrait retourner un 200 avec un detail du produit",
              "timedOut": null,
              "duration": 265,
              "state": "passed",
              "speed": "fast",
              "pass": true,
              "fail": false,
              "pending": false,
              "context": null,
              "code": "cy.request({\n  method: \"GET\",\n  url: apiUrl + \"/products/\" + productId,\n  headers: {\n    Accept: \"application/json\"\n  }\n}).then(response => {\n  expect(response.status).to.eq(200);\n  expect(response.body).to.be.an(\"object\");\n  expect(response.body).to.include.keys(\"id\", \"name\", \"price\", \"description\");\n  expect(response.body.id).to.be.a(\"number\");\n  expect(response.body.name).to.be.a(\"string\");\n  expect(response.body.price).to.be.a(\"number\");\n  expect(response.body.description).to.be.a(\"string\");\n});",
              "err": {},
              "uuid": "647475f4-4b63-4d02-a9b9-9e2cb6725014",
              "parentUUID": "414dc511-3edf-4fdc-9781-84da9ef1b7a9",
              "isHook": false,
              "skipped": false
            },
            {
              "title": "Devrait retourner 404 si le produit n'existe pas",
              "fullTitle": "GET / Récupere les détails d'un produit  Devrait retourner 404 si le produit n'existe pas",
              "timedOut": null,
              "duration": 164,
              "state": "passed",
              "speed": "fast",
              "pass": true,
              "fail": false,
              "pending": false,
              "context": null,
              "code": "cy.request({\n  method: \"GET\",\n  url: apiUrl + \"/products/999999\",\n  failOnStatusCode: false\n}).then(response => {\n  expect(response.status).to.eq(404);\n});",
              "err": {},
              "uuid": "56c86899-a067-4827-8b2a-be41bb06b4dd",
              "parentUUID": "414dc511-3edf-4fdc-9781-84da9ef1b7a9",
              "isHook": false,
              "skipped": false
            }
          ],
          "suites": [],
          "passes": [
            "647475f4-4b63-4d02-a9b9-9e2cb6725014",
            "56c86899-a067-4827-8b2a-be41bb06b4dd"
          ],
          "failures": [],
          "pending": [],
          "skipped": [],
          "duration": 429,
          "root": false,
          "rootEmpty": false,
          "_timeout": 2000
        }
      ],
      "passes": [],
      "failures": [],
      "pending": [],
      "skipped": [],
      "duration": 0,
      "root": true,
      "rootEmpty": true,
      "_timeout": 2000
    }
  ],
  "meta": {
    "mocha": {
      "version": "7.2.0"
    },
    "mochawesome": {
      "options": {
        "quiet": false,
        "reportFilename": "mochawesome",
        "saveHtml": true,
        "saveJson": true,
        "consoleReporter": "spec",
        "useInlineDiffs": false,
        "code": true
      },
      "version": "7.1.3"
    },
    "marge": {
      "options": {
        "reportDir": "mochawesome-report",
        "overwrite": false,
        "html": true,
        "json": true
      },
      "version": "6.2.0"
    }
  }
}