{
  "stats": {
    "suites": 4,
    "tests": 4,
    "passes": 4,
    "pending": 0,
    "failures": 0,
    "start": "2025-07-18T10:41:35.179Z",
    "end": "2025-07-18T10:41:37.374Z",
    "duration": 2195,
    "testsRegistered": 4,
    "passPercent": 100,
    "pendingPercent": 0,
    "other": 0,
    "hasOther": false,
    "skipped": 0,
    "hasSkipped": false
  },
  "results": [
    {
      "uuid": "6fdec4d3-8718-406a-a70e-e52304505f31",
      "title": "",
      "fullFile": "cypress\\e2e\\apiGetReviews.cy.js",
      "file": "cypress\\e2e\\apiGetReviews.cy.js",
      "beforeHooks": [],
      "afterHooks": [],
      "tests": [],
      "suites": [
        {
          "uuid": "6eaca815-78c6-4959-af0e-107e3ba52c6e",
          "title": "GET / Reviews",
          "fullFile": "",
          "file": "",
          "beforeHooks": [],
          "afterHooks": [],
          "tests": [
            {
              "title": "Devrait retourner un 200 avec la liste des avis",
              "fullTitle": "GET / Reviews Devrait retourner un 200 avec la liste des avis",
              "timedOut": null,
              "duration": 465,
              "state": "passed",
              "speed": "fast",
              "pass": true,
              "fail": false,
              "pending": false,
              "context": null,
              "code": "cy.request({\n  method: \"GET\",\n  url: apiUrl + \"/reviews\",\n  headers: {\n    Accept: \"application/json\"\n  }\n}).then(response => {\n  expect(response.status).to.eq(200);\n  expect(response.body).to.be.an(\"array\");\n  expect(response.body.length).to.be.greaterThan(0);\n  response.body.forEach(review => {\n    expect(review).to.include.keys(\"date\", \"title\", \"comment\", \"rating\", \"author\");\n    expect(review.date).to.be.a(\"string\");\n    expect(review.title).to.be.a(\"string\");\n    expect(review.comment).to.be.a(\"string\");\n    expect(review.rating).to.be.a(\"number\");\n    expect(review.author).to.be.an(\"object\");\n    expect(review.author).to.include.keys(\"firstname\", \"lastname\", \"email\");\n  });\n});",
              "err": {},
              "uuid": "206d1525-3154-425a-99e2-eb0f103ae444",
              "parentUUID": "6eaca815-78c6-4959-af0e-107e3ba52c6e",
              "isHook": false,
              "skipped": false
            }
          ],
          "suites": [],
          "passes": [
            "206d1525-3154-425a-99e2-eb0f103ae444"
          ],
          "failures": [],
          "pending": [],
          "skipped": [],
          "duration": 465,
          "root": false,
          "rootEmpty": false,
          "_timeout": 2000
        },
        {
          "uuid": "256464ba-947d-43a3-b132-c0a6908dd560",
          "title": "POST /Login to create a review",
          "fullFile": "",
          "file": "",
          "beforeHooks": [],
          "afterHooks": [],
          "tests": [
            {
              "title": "Devrait créer un avis avec succès",
              "fullTitle": "POST /Login to create a review Devrait créer un avis avec succès",
              "timedOut": null,
              "duration": 828,
              "state": "passed",
              "speed": "fast",
              "pass": true,
              "fail": false,
              "pending": false,
              "context": null,
              "code": "const reviewData = {\n  title: _faker.faker.lorem.sentence(),\n  comment: _faker.faker.lorem.paragraph(),\n  rating: _faker.faker.number.int({\n    min: 1,\n    max: 5\n  })\n};\ncy.request({\n  method: \"POST\",\n  url: apiUrl + \"/reviews\",\n  headers: {\n    Authorization: \"Bearer \" + token,\n    Accept: \"application/json\"\n  },\n  body: reviewData\n}).then(response => {\n  expect(response.status).to.eq(200);\n  expect(response.body).to.be.an(\"object\");\n  expect(response.body).to.include.keys(\"id\", \"date\", \"title\", \"comment\", \"author\");\n  expect(response.body.author).to.be.an(\"object\");\n  expect(response.body.author).to.include.keys(\"id\", \"email\");\n});",
              "err": {},
              "uuid": "90dd419e-2b55-453e-a899-47229c303e46",
              "parentUUID": "256464ba-947d-43a3-b132-c0a6908dd560",
              "isHook": false,
              "skipped": false
            }
          ],
          "suites": [],
          "passes": [
            "90dd419e-2b55-453e-a899-47229c303e46"
          ],
          "failures": [],
          "pending": [],
          "skipped": [],
          "duration": 828,
          "root": false,
          "rootEmpty": false,
          "_timeout": 2000
        },
        {
          "uuid": "8e135d2a-78bb-4935-8337-0c13330672e8",
          "title": "POST/ erreur 400 donnés invalides",
          "fullFile": "",
          "file": "",
          "beforeHooks": [],
          "afterHooks": [],
          "tests": [
            {
              "title": "Devrait retourner une erreur 400 si les données sont invalides",
              "fullTitle": "POST/ erreur 400 donnés invalides Devrait retourner une erreur 400 si les données sont invalides",
              "timedOut": null,
              "duration": 707,
              "state": "passed",
              "speed": "fast",
              "pass": true,
              "fail": false,
              "pending": false,
              "context": null,
              "code": "const invalidReview = {\n  comment: _faker.faker.lorem.paragraph(),\n  rating: 50\n};\ncy.request({\n  method: \"POST\",\n  url: apiUrl + \"/reviews\",\n  headers: {\n    Authorization: \"Bearer \" + token,\n    Accept: \"application/json\"\n  },\n  body: invalidReview,\n  failOnStatusCode: false // Permet de capturer l'erreur 400\n}).then(response => {\n  expect(response.status).to.eq(400);\n  if (typeof response.body === \"string\") {\n    expect(response.body).to.include(\"Erreur dans les données envoyées\");\n  }\n});",
              "err": {},
              "uuid": "281ce0e1-4840-495f-b7f9-72aeb9b1e804",
              "parentUUID": "8e135d2a-78bb-4935-8337-0c13330672e8",
              "isHook": false,
              "skipped": false
            }
          ],
          "suites": [],
          "passes": [
            "281ce0e1-4840-495f-b7f9-72aeb9b1e804"
          ],
          "failures": [],
          "pending": [],
          "skipped": [],
          "duration": 707,
          "root": false,
          "rootEmpty": false,
          "_timeout": 2000
        },
        {
          "uuid": "8ad5905e-b890-44dd-9e1f-2f5c8a55109c",
          "title": "POST /review sans authentification",
          "fullFile": "",
          "file": "",
          "beforeHooks": [],
          "afterHooks": [],
          "tests": [
            {
              "title": "should return Error: Unauthorized",
              "fullTitle": "POST /review sans authentification should return Error: Unauthorized",
              "timedOut": null,
              "duration": 115,
              "state": "passed",
              "speed": "fast",
              "pass": true,
              "fail": false,
              "pending": false,
              "context": null,
              "code": "cy.request({\n  method: \"POST\",\n  url: apiUrl + \"/reviews\",\n  failOnStatusCode: false\n}).then(response => {\n  expect(response.status).to.eq(401);\n  if (typeof response.body === \"string\") {\n    expect(response.body).to.include(\"Unauthorized\");\n  }\n});",
              "err": {},
              "uuid": "72271036-41a5-48a6-8d80-08280e7cbb95",
              "parentUUID": "8ad5905e-b890-44dd-9e1f-2f5c8a55109c",
              "isHook": false,
              "skipped": false
            }
          ],
          "suites": [],
          "passes": [
            "72271036-41a5-48a6-8d80-08280e7cbb95"
          ],
          "failures": [],
          "pending": [],
          "skipped": [],
          "duration": 115,
          "root": false,
          "rootEmpty": false,
          "_timeout": 2000
        }
      ],
      "passes": [],
      "failures": [],
      "pending": [],
      "skipped": [],
      "duration": 0,
      "root": true,
      "rootEmpty": true,
      "_timeout": 2000
    }
  ],
  "meta": {
    "mocha": {
      "version": "7.2.0"
    },
    "mochawesome": {
      "options": {
        "quiet": false,
        "reportFilename": "mochawesome",
        "saveHtml": true,
        "saveJson": true,
        "consoleReporter": "spec",
        "useInlineDiffs": false,
        "code": true
      },
      "version": "7.1.3"
    },
    "marge": {
      "options": {
        "reportDir": "mochawesome-report",
        "overwrite": false,
        "html": true,
        "json": true
      },
      "version": "6.2.0"
    }
  }
}