{
  "stats": {
    "suites": 2,
    "tests": 3,
    "passes": 3,
    "pending": 0,
    "failures": 0,
    "start": "2025-07-18T10:41:14.789Z",
    "end": "2025-07-18T10:41:16.607Z",
    "duration": 1818,
    "testsRegistered": 3,
    "passPercent": 100,
    "pendingPercent": 0,
    "other": 0,
    "hasOther": false,
    "skipped": 0,
    "hasSkipped": false
  },
  "results": [
    {
      "uuid": "61c19a9f-5691-4348-82b2-96536d2f9709",
      "title": "",
      "fullFile": "cypress\\e2e\\apiDeleteOrders.cy.js",
      "file": "cypress\\e2e\\apiDeleteOrders.cy.js",
      "beforeHooks": [],
      "afterHooks": [],
      "tests": [],
      "suites": [
        {
          "uuid": "53b19fbe-9bec-4d1f-8577-1fdf4651257d",
          "title": "DELETE /orders/{id}/delete - supprimer un produit du panier",
          "fullFile": "",
          "file": "",
          "beforeHooks": [],
          "afterHooks": [],
          "tests": [
            {
              "title": "Devrait ajouter un produit au panier avec success",
              "fullTitle": "DELETE /orders/{id}/delete - supprimer un produit du panier Devrait ajouter un produit au panier avec success",
              "timedOut": null,
              "duration": 817,
              "state": "passed",
              "speed": "fast",
              "pass": true,
              "fail": false,
              "pending": false,
              "context": null,
              "code": "cy.request({\n  method: \"PUT\",\n  url: apiUrl + \"/orders/add\",\n  headers: {\n    Authorization: \"Bearer \" + token\n  },\n  body: {\n    product: 7,\n    quantity: 1\n  }\n}).then(response => {\n  expect(response.status).to.eq(200);\n  expect(response.body).to.have.property(\"orderLines\").and.to.be.an(\"array\");\n  orderLineId = response.body.orderLines[0].id;\n  expect(orderLineId).to.be.a(\"number\");\n});",
              "err": {},
              "uuid": "9e2d8555-0baa-4218-a400-30b3ff2ea066",
              "parentUUID": "53b19fbe-9bec-4d1f-8577-1fdf4651257d",
              "isHook": false,
              "skipped": false
            },
            {
              "title": "Devrait supprimer un produit du panier avec success",
              "fullTitle": "DELETE /orders/{id}/delete - supprimer un produit du panier Devrait supprimer un produit du panier avec success",
              "timedOut": null,
              "duration": 200,
              "state": "passed",
              "speed": "fast",
              "pass": true,
              "fail": false,
              "pending": false,
              "context": null,
              "code": "cy.request({\n  method: \"DELETE\",\n  url: `${apiUrl}/orders/${orderLineId}/delete`,\n  headers: {\n    Authorization: \"Bearer \" + token,\n    Accept: \"application/json\"\n  },\n  body: {\n    //s’il y a un body\n  }\n}).then(response => {\n  expect(response.status).to.eq(200);\n  if (typeof response.body === \"string\") {\n    expect(response.body).to.include(\"Produit supprimé\");\n  }\n});",
              "err": {},
              "uuid": "840d1215-848c-4f84-9b9e-1b32f216deaf",
              "parentUUID": "53b19fbe-9bec-4d1f-8577-1fdf4651257d",
              "isHook": false,
              "skipped": false
            }
          ],
          "suites": [],
          "passes": [
            "9e2d8555-0baa-4218-a400-30b3ff2ea066",
            "840d1215-848c-4f84-9b9e-1b32f216deaf"
          ],
          "failures": [],
          "pending": [],
          "skipped": [],
          "duration": 1017,
          "root": false,
          "rootEmpty": false,
          "_timeout": 2000
        },
        {
          "uuid": "e622c88f-ba4a-4d10-b6d6-1dfbf8f01472",
          "title": "DELETE /orders/{id}/delete - supprimer un produit du panier inexistante",
          "fullFile": "",
          "file": "",
          "beforeHooks": [],
          "afterHooks": [],
          "tests": [
            {
              "title": "Devrait envoyer un 404 car produit non trouvé",
              "fullTitle": "DELETE /orders/{id}/delete - supprimer un produit du panier inexistante Devrait envoyer un 404 car produit non trouvé",
              "timedOut": null,
              "duration": 753,
              "state": "passed",
              "speed": "fast",
              "pass": true,
              "fail": false,
              "pending": false,
              "context": null,
              "code": "const fakeOrderLineId = 999999;\ncy.request({\n  method: \"DELETE\",\n  url: `${apiUrl}/orders/${fakeOrderLineId}/delete`,\n  headers: {\n    Authorization: \"Bearer \" + token,\n    Accept: \"application/json\"\n  },\n  body: {\n    //s’il y a un body\n  },\n  failOnStatusCode: false\n}).then(response => {\n  expect(response.status).to.eq(404);\n  if (typeof response.body === \"string\") {\n    expect(response.body).to.include(\"Produit non trouvé\");\n  }\n});",
              "err": {},
              "uuid": "3e8b7b02-9dfb-41f0-8e68-f1fa4f635d6c",
              "parentUUID": "e622c88f-ba4a-4d10-b6d6-1dfbf8f01472",
              "isHook": false,
              "skipped": false
            }
          ],
          "suites": [],
          "passes": [
            "3e8b7b02-9dfb-41f0-8e68-f1fa4f635d6c"
          ],
          "failures": [],
          "pending": [],
          "skipped": [],
          "duration": 753,
          "root": false,
          "rootEmpty": false,
          "_timeout": 2000
        }
      ],
      "passes": [],
      "failures": [],
      "pending": [],
      "skipped": [],
      "duration": 0,
      "root": true,
      "rootEmpty": true,
      "_timeout": 2000
    }
  ],
  "meta": {
    "mocha": {
      "version": "7.2.0"
    },
    "mochawesome": {
      "options": {
        "quiet": false,
        "reportFilename": "mochawesome",
        "saveHtml": true,
        "saveJson": true,
        "consoleReporter": "spec",
        "useInlineDiffs": false,
        "code": true
      },
      "version": "7.1.3"
    },
    "marge": {
      "options": {
        "reportDir": "mochawesome-report",
        "overwrite": false,
        "html": true,
        "json": true
      },
      "version": "6.2.0"
    }
  }
}