{
  "stats": {
    "suites": 1,
    "tests": 1,
    "passes": 1,
    "pending": 0,
    "failures": 0,
    "start": "2025-07-18T10:41:20.320Z",
    "end": "2025-07-18T10:41:21.151Z",
    "duration": 831,
    "testsRegistered": 1,
    "passPercent": 100,
    "pendingPercent": 0,
    "other": 0,
    "hasOther": false,
    "skipped": 0,
    "hasSkipped": false
  },
  "results": [
    {
      "uuid": "906f3082-4f71-49bf-bdab-433d7c506d6a",
      "title": "",
      "fullFile": "cypress\\e2e\\apiGetInformation.cy.js",
      "file": "cypress\\e2e\\apiGetInformation.cy.js",
      "beforeHooks": [],
      "afterHooks": [],
      "tests": [],
      "suites": [
        {
          "uuid": "347f1a50-5f50-4572-80b3-5da3e8fce595",
          "title": "POST /login",
          "fullFile": "",
          "file": "",
          "beforeHooks": [],
          "afterHooks": [],
          "tests": [
            {
              "title": "devrait obtenir les informations de l'utilisateur",
              "fullTitle": "POST /login devrait obtenir les informations de l'utilisateur",
              "timedOut": null,
              "duration": 794,
              "state": "passed",
              "speed": "fast",
              "pass": true,
              "fail": false,
              "pending": false,
              "context": null,
              "code": "cy.request({\n  method: \"GET\",\n  url: apiUrl + \"/me\",\n  headers: {\n    Authorization: \"Bearer \" + token,\n    Accept: \"application/json\"\n  },\n  failOnStatusCode: true\n}).then(response => {\n  expect(response.status).to.eq(200);\n  expect(response.body).to.be.an(\"object\");\n  expect(response.body).to.include.keys(\"id\", \"email\", \"roles\", \"password\", \"firstname\", \"lastname\");\n  expect(response.body.id).to.be.a(\"number\");\n  expect(response.body.email).to.be.a(\"string\");\n  expect(response.body.password).to.be.a(\"string\");\n  expect(response.body.firstname).to.be.a(\"string\");\n  expect(response.body.lastname).to.be.a(\"string\");\n  expect(response.body.roles).to.be.an(\"array\");\n});",
              "err": {},
              "uuid": "692ea61e-b70a-44e7-a165-f2d32f6dac31",
              "parentUUID": "347f1a50-5f50-4572-80b3-5da3e8fce595",
              "isHook": false,
              "skipped": false
            }
          ],
          "suites": [],
          "passes": [
            "692ea61e-b70a-44e7-a165-f2d32f6dac31"
          ],
          "failures": [],
          "pending": [],
          "skipped": [],
          "duration": 794,
          "root": false,
          "rootEmpty": false,
          "_timeout": 2000
        }
      ],
      "passes": [],
      "failures": [],
      "pending": [],
      "skipped": [],
      "duration": 0,
      "root": true,
      "rootEmpty": true,
      "_timeout": 2000
    }
  ],
  "meta": {
    "mocha": {
      "version": "7.2.0"
    },
    "mochawesome": {
      "options": {
        "quiet": false,
        "reportFilename": "mochawesome",
        "saveHtml": true,
        "saveJson": true,
        "consoleReporter": "spec",
        "useInlineDiffs": false,
        "code": true
      },
      "version": "7.1.3"
    },
    "marge": {
      "options": {
        "reportDir": "mochawesome-report",
        "overwrite": false,
        "html": true,
        "json": true
      },
      "version": "6.2.0"
    }
  }
}