{
  "stats": {
    "suites": 1,
    "tests": 1,
    "passes": 1,
    "pending": 0,
    "failures": 0,
    "start": "2025-07-18T10:42:32.358Z",
    "end": "2025-07-18T10:42:36.262Z",
    "duration": 3904,
    "testsRegistered": 1,
    "passPercent": 100,
    "pendingPercent": 0,
    "other": 0,
    "hasOther": false,
    "skipped": 0,
    "hasSkipped": false
  },
  "results": [
    {
      "uuid": "d26f5abe-7b5c-4ca4-be43-d87330e1ece9",
      "title": "",
      "fullFile": "cypress\\e2e\\smokeBoutonPannier.cy.js",
      "file": "cypress\\e2e\\smokeBoutonPannier.cy.js",
      "beforeHooks": [],
      "afterHooks": [],
      "tests": [],
      "suites": [
        {
          "uuid": "761d4dce-5261-403b-9fc5-42c7f64e3674",
          "title": "Vérifier présence bouton 'Ajouter au panier' sur plusieurs fiches produit",
          "fullFile": "",
          "file": "",
          "beforeHooks": [],
          "afterHooks": [],
          "tests": [
            {
              "title": "devrait vérifier le bouton sur les 3 premiers produits",
              "fullTitle": "Vérifier présence bouton 'Ajouter au panier' sur plusieurs fiches produit devrait vérifier le bouton sur les 3 premiers produits",
              "timedOut": null,
              "duration": 3844,
              "state": "passed",
              "speed": "fast",
              "pass": true,
              "fail": false,
              "pending": false,
              "context": null,
              "code": "// Vérifie le bouton des 3 premiers produits\ncy.checkAddToCartButtonFromProductIndex(0);\ncy.checkAddToCartButtonFromProductIndex(1);\ncy.checkAddToCartButtonFromProductIndex(2);",
              "err": {},
              "uuid": "a34b38c0-68f3-4e97-a7f5-47b6d560d900",
              "parentUUID": "761d4dce-5261-403b-9fc5-42c7f64e3674",
              "isHook": false,
              "skipped": false
            }
          ],
          "suites": [],
          "passes": [
            "a34b38c0-68f3-4e97-a7f5-47b6d560d900"
          ],
          "failures": [],
          "pending": [],
          "skipped": [],
          "duration": 3844,
          "root": false,
          "rootEmpty": false,
          "_timeout": 2000
        }
      ],
      "passes": [],
      "failures": [],
      "pending": [],
      "skipped": [],
      "duration": 0,
      "root": true,
      "rootEmpty": true,
      "_timeout": 2000
    }
  ],
  "meta": {
    "mocha": {
      "version": "7.2.0"
    },
    "mochawesome": {
      "options": {
        "quiet": false,
        "reportFilename": "mochawesome",
        "saveHtml": true,
        "saveJson": true,
        "consoleReporter": "spec",
        "useInlineDiffs": false,
        "code": true
      },
      "version": "7.1.3"
    },
    "marge": {
      "options": {
        "reportDir": "mochawesome-report",
        "overwrite": false,
        "html": true,
        "json": true
      },
      "version": "6.2.0"
    }
  }
}